============================= test session starts ==============================
platform darwin -- Python 3.14.5, pytest-9.0.2, pluggy-1.6.0
rootdir: /Users/cj/Workspace/active/gak-conformance-standard
configfile: pyproject.toml
testpaths: tests
plugins: cov-7.1.0, hypothesis-6.155.6, asyncio-1.3.0, anyio-4.13.0
asyncio: mode=Mode.STRICT, debug=False, asyncio_default_fixture_loop_scope=None, asyncio_default_test_loop_scope=function
collected 25 items

tests/test_check_consistency.py .                                        [  4%]
tests/test_clause_census.py ...                                          [ 16%]
tests/test_cli.py .......                                                [ 44%]
tests/test_digest.py ...                                                 [ 56%]
tests/test_import_boundary.py .                                          [ 60%]
tests/test_scorer_semantics.py ..........                                [100%]

============================== 25 passed in 1.16s ==============================
